
==================================== ERRORS ====================================
_______ ERROR collecting tests/test_bronze_verify_detects_corruption.py ________
ImportError while importing test module '/workspace/stockvn/tests/test_bronze_verify_detects_corruption.py'.
Hint: make sure your test modules/packages have valid Python names.
Traceback:
/root/.pyenv/versions/3.10.19/lib/python3.10/importlib/__init__.py:126: in import_module
    return _bootstrap._gcd_import(name[level:], package, level)
tests/test_bronze_verify_detects_corruption.py:3: in <module>
    from scripts.bronze_verify import verify_bronze_files
E   ModuleNotFoundError: No module named 'scripts'
________________ ERROR collecting tests/test_no_cheating_spy.py ________________
ImportError while importing test module '/workspace/stockvn/tests/test_no_cheating_spy.py'.
Hint: make sure your test modules/packages have valid Python names.
Traceback:
/root/.pyenv/versions/3.10.19/lib/python3.10/importlib/__init__.py:126: in import_module
    return _bootstrap._gcd_import(name[level:], package, level)
tests/test_no_cheating_spy.py:11: in <module>
    from scripts.replay_events import replay_into_redis
E   ModuleNotFoundError: No module named 'scripts'
_______ ERROR collecting tests/test_quality_gate_allows_fixtures_only.py _______
ImportError while importing test module '/workspace/stockvn/tests/test_quality_gate_allows_fixtures_only.py'.
Hint: make sure your test modules/packages have valid Python names.
Traceback:
/root/.pyenv/versions/3.10.19/lib/python3.10/importlib/__init__.py:126: in import_module
    return _bootstrap._gcd_import(name[level:], package, level)
tests/test_quality_gate_allows_fixtures_only.py:5: in <module>
    from scripts.quality_gate import find_violations
E   ModuleNotFoundError: No module named 'scripts'
___________ ERROR collecting tests/test_replay_parity_integration.py ___________
ImportError while importing test module '/workspace/stockvn/tests/test_replay_parity_integration.py'.
Hint: make sure your test modules/packages have valid Python names.
Traceback:
/root/.pyenv/versions/3.10.19/lib/python3.10/importlib/__init__.py:126: in import_module
    return _bootstrap._gcd_import(name[level:], package, level)
tests/test_replay_parity_integration.py:5: in <module>
    from scripts.replay_smoke import run_smoke
E   ModuleNotFoundError: No module named 'scripts'
_______ ERROR collecting tests/test_replay_preserves_order_and_counts.py _______
ImportError while importing test module '/workspace/stockvn/tests/test_replay_preserves_order_and_counts.py'.
Hint: make sure your test modules/packages have valid Python names.
Traceback:
/root/.pyenv/versions/3.10.19/lib/python3.10/importlib/__init__.py:126: in import_module
    return _bootstrap._gcd_import(name[level:], package, level)
tests/test_replay_preserves_order_and_counts.py:6: in <module>
    from scripts.replay_events import replay_into_redis
E   ModuleNotFoundError: No module named 'scripts'
___ ERROR collecting tests/test_shapes_schema_validation_rejects_unknown.py ____
ImportError while importing test module '/workspace/stockvn/tests/test_shapes_schema_validation_rejects_unknown.py'.
Hint: make sure your test modules/packages have valid Python names.
Traceback:
/root/.pyenv/versions/3.10.19/lib/python3.10/importlib/__init__.py:126: in import_module
    return _bootstrap._gcd_import(name[level:], package, level)
tests/test_shapes_schema_validation_rejects_unknown.py:9: in <module>
    from services.api_fastapi.api_fastapi.routers.chart import validate_shapes_json
E   ModuleNotFoundError: No module named 'services'
______________ ERROR collecting tests/test_ui_guardrail_script.py ______________
ImportError while importing test module '/workspace/stockvn/tests/test_ui_guardrail_script.py'.
Hint: make sure your test modules/packages have valid Python names.
Traceback:
/root/.pyenv/versions/3.10.19/lib/python3.10/importlib/__init__.py:126: in import_module
    return _bootstrap._gcd_import(name[level:], package, level)
tests/test_ui_guardrail_script.py:6: in <module>
    from scripts import ui_guardrail_check
E   ModuleNotFoundError: No module named 'scripts'
________ ERROR collecting tests/test_ui_import_pages_no_side_effects.py ________
ImportError while importing test module '/workspace/stockvn/tests/test_ui_import_pages_no_side_effects.py'.
Hint: make sure your test modules/packages have valid Python names.
Traceback:
/root/.pyenv/versions/3.10.19/lib/python3.10/importlib/__init__.py:126: in import_module
    return _bootstrap._gcd_import(name[level:], package, level)
tests/test_ui_import_pages_no_side_effects.py:7: in <module>
    from apps.dashboard_streamlit.pages import _page_registry
E   ModuleNotFoundError: No module named 'apps'
_____________ ERROR collecting tests/test_ui_perf_budget_range.py ______________
ImportError while importing test module '/workspace/stockvn/tests/test_ui_perf_budget_range.py'.
Hint: make sure your test modules/packages have valid Python names.
Traceback:
/root/.pyenv/versions/3.10.19/lib/python3.10/importlib/__init__.py:126: in import_module
    return _bootstrap._gcd_import(name[level:], package, level)
tests/test_ui_perf_budget_range.py:7: in <module>
    from apps.dashboard_streamlit.ui.perf import DAILY_MAX_DAYS_DEFAULT, enforce_bounded_range
E   ModuleNotFoundError: No module named 'apps'
______________ ERROR collecting tests/test_ui_tokens_validate.py _______________
ImportError while importing test module '/workspace/stockvn/tests/test_ui_tokens_validate.py'.
Hint: make sure your test modules/packages have valid Python names.
Traceback:
/root/.pyenv/versions/3.10.19/lib/python3.10/importlib/__init__.py:126: in import_module
    return _bootstrap._gcd_import(name[level:], package, level)
tests/test_ui_tokens_validate.py:1: in <module>
    from apps.dashboard_streamlit.ui.tokens import validate_tokens
E   ModuleNotFoundError: No module named 'apps'
____________ ERROR collecting tests/test_weekly_resample_correct.py ____________
ImportError while importing test module '/workspace/stockvn/tests/test_weekly_resample_correct.py'.
Hint: make sure your test modules/packages have valid Python names.
Traceback:
/root/.pyenv/versions/3.10.19/lib/python3.10/importlib/__init__.py:126: in import_module
    return _bootstrap._gcd_import(name[level:], package, level)
tests/test_weekly_resample_correct.py:5: in <module>
    from services.api_fastapi.api_fastapi.routers.chart import _resample_weekly
E   ModuleNotFoundError: No module named 'services'
=========================== short test summary info ============================
ERROR tests/test_bronze_verify_detects_corruption.py
ERROR tests/test_no_cheating_spy.py
ERROR tests/test_quality_gate_allows_fixtures_only.py
ERROR tests/test_replay_parity_integration.py
ERROR tests/test_replay_preserves_order_and_counts.py
ERROR tests/test_shapes_schema_validation_rejects_unknown.py
ERROR tests/test_ui_guardrail_script.py
ERROR tests/test_ui_import_pages_no_side_effects.py
ERROR tests/test_ui_perf_budget_range.py
ERROR tests/test_ui_tokens_validate.py
ERROR tests/test_weekly_resample_correct.py
!!!!!!!!!!!!!!!!!!! Interrupted: 11 errors during collection !!!!!!!!!!!!!!!!!!!
11 errors in 9.00s
F..                                                                      [100%]
=================================== FAILURES ===================================
_______________________ test_alpha_v2_smoke_walkforward ________________________

    def test_alpha_v2_smoke_walkforward() -> None:
        c = TestClient(create_app())
        tr = c.post('/ml/train')
        assert tr.status_code == 200
>       d = c.post('/ml/diagnostics', json={})

tests/test_alpha_v2_smoke_walkforward.py:11: 
_ _ _ _ _ _ _ _ _ _ _ _ _ _ _ _ _ _ _ _ _ _ _ _ _ _ _ _ _ _ _ _ _ _ _ _ _ _ _ _ 
/root/.pyenv/versions/3.10.19/lib/python3.10/site-packages/starlette/testclient.py:546: in post
    return super().post(
/root/.pyenv/versions/3.10.19/lib/python3.10/site-packages/httpx/_client.py:1144: in post
    return self.request(
/root/.pyenv/versions/3.10.19/lib/python3.10/site-packages/starlette/testclient.py:445: in request
    return super().request(
/root/.pyenv/versions/3.10.19/lib/python3.10/site-packages/httpx/_client.py:825: in request
    return self.send(request, auth=auth, follow_redirects=follow_redirects)
/root/.pyenv/versions/3.10.19/lib/python3.10/site-packages/httpx/_client.py:914: in send
    response = self._send_handling_auth(
/root/.pyenv/versions/3.10.19/lib/python3.10/site-packages/httpx/_client.py:942: in _send_handling_auth
    response = self._send_handling_redirects(
/root/.pyenv/versions/3.10.19/lib/python3.10/site-packages/httpx/_client.py:979: in _send_handling_redirects
    response = self._send_single_request(request)
/root/.pyenv/versions/3.10.19/lib/python3.10/site-packages/httpx/_client.py:1014: in _send_single_request
    response = transport.handle_request(request)
/root/.pyenv/versions/3.10.19/lib/python3.10/site-packages/starlette/testclient.py:348: in handle_request
    raise exc
/root/.pyenv/versions/3.10.19/lib/python3.10/site-packages/starlette/testclient.py:345: in handle_request
    portal.call(self.app, scope, receive, send)
/root/.pyenv/versions/3.10.19/lib/python3.10/site-packages/anyio/from_thread.py:334: in call
    return cast(T_Retval, self.start_task_soon(func, *args).result())
/root/.pyenv/versions/3.10.19/lib/python3.10/concurrent/futures/_base.py:458: in result
    return self.__get_result()
/root/.pyenv/versions/3.10.19/lib/python3.10/concurrent/futures/_base.py:403: in __get_result
    raise self._exception
/root/.pyenv/versions/3.10.19/lib/python3.10/site-packages/anyio/from_thread.py:259: in _call_func
    retval = await retval_or_awaitable
/root/.pyenv/versions/3.10.19/lib/python3.10/site-packages/fastapi/applications.py:1134: in __call__
    await super().__call__(scope, receive, send)
/root/.pyenv/versions/3.10.19/lib/python3.10/site-packages/starlette/applications.py:107: in __call__
    await self.middleware_stack(scope, receive, send)
/root/.pyenv/versions/3.10.19/lib/python3.10/site-packages/starlette/middleware/errors.py:186: in __call__
    raise exc
/root/.pyenv/versions/3.10.19/lib/python3.10/site-packages/starlette/middleware/errors.py:164: in __call__
    await self.app(scope, receive, _send)
/root/.pyenv/versions/3.10.19/lib/python3.10/site-packages/starlette/middleware/gzip.py:29: in __call__
    await responder(scope, receive, send)
/root/.pyenv/versions/3.10.19/lib/python3.10/site-packages/starlette/middleware/gzip.py:130: in __call__
    await super().__call__(scope, receive, send)
/root/.pyenv/versions/3.10.19/lib/python3.10/site-packages/starlette/middleware/gzip.py:46: in __call__
    await self.app(scope, receive, self.send_with_compression)
/root/.pyenv/versions/3.10.19/lib/python3.10/site-packages/starlette/middleware/cors.py:87: in __call__
    await self.app(scope, receive, send)
/root/.pyenv/versions/3.10.19/lib/python3.10/site-packages/starlette/middleware/base.py:191: in __call__
    with recv_stream, send_stream, collapse_excgroups():
/root/.pyenv/versions/3.10.19/lib/python3.10/contextlib.py:153: in __exit__
    self.gen.throw(typ, value, traceback)
/root/.pyenv/versions/3.10.19/lib/python3.10/site-packages/starlette/_utils.py:87: in collapse_excgroups
    raise exc
/root/.pyenv/versions/3.10.19/lib/python3.10/site-packages/starlette/middleware/base.py:193: in __call__
    response = await self.dispatch_func(request, call_next)
services/api_fastapi/api_fastapi/main.py:68: in add_request_id
    response = await call_next(request)
/root/.pyenv/versions/3.10.19/lib/python3.10/site-packages/starlette/middleware/base.py:168: in call_next
    raise app_exc from app_exc.__cause__ or app_exc.__context__
/root/.pyenv/versions/3.10.19/lib/python3.10/site-packages/starlette/middleware/base.py:144: in coro
    await self.app(scope, receive_or_disconnect, send_no_error)
/root/.pyenv/versions/3.10.19/lib/python3.10/site-packages/starlette/middleware/exceptions.py:63: in __call__
    await wrap_app_handling_exceptions(self.app, conn)(scope, receive, send)
/root/.pyenv/versions/3.10.19/lib/python3.10/site-packages/starlette/_exception_handler.py:53: in wrapped_app
    raise exc
/root/.pyenv/versions/3.10.19/lib/python3.10/site-packages/starlette/_exception_handler.py:42: in wrapped_app
    await app(scope, receive, sender)
/root/.pyenv/versions/3.10.19/lib/python3.10/site-packages/fastapi/middleware/asyncexitstack.py:18: in __call__
    await self.app(scope, receive, send)
/root/.pyenv/versions/3.10.19/lib/python3.10/site-packages/starlette/routing.py:716: in __call__
    await self.middleware_stack(scope, receive, send)
/root/.pyenv/versions/3.10.19/lib/python3.10/site-packages/starlette/routing.py:736: in app
    await route.handle(scope, receive, send)
/root/.pyenv/versions/3.10.19/lib/python3.10/site-packages/starlette/routing.py:290: in handle
    await self.app(scope, receive, send)
/root/.pyenv/versions/3.10.19/lib/python3.10/site-packages/fastapi/routing.py:119: in app
    await wrap_app_handling_exceptions(app, request)(scope, receive, send)
/root/.pyenv/versions/3.10.19/lib/python3.10/site-packages/starlette/_exception_handler.py:53: in wrapped_app
    raise exc
/root/.pyenv/versions/3.10.19/lib/python3.10/site-packages/starlette/_exception_handler.py:42: in wrapped_app
    await app(scope, receive, sender)
/root/.pyenv/versions/3.10.19/lib/python3.10/site-packages/fastapi/routing.py:105: in app
    response = await f(request)
/root/.pyenv/versions/3.10.19/lib/python3.10/site-packages/fastapi/routing.py:424: in app
    raw_response = await run_endpoint_function(
/root/.pyenv/versions/3.10.19/lib/python3.10/site-packages/fastapi/routing.py:314: in run_endpoint_function
    return await run_in_threadpool(dependant.call, **values)
/root/.pyenv/versions/3.10.19/lib/python3.10/site-packages/starlette/concurrency.py:32: in run_in_threadpool
    return await anyio.to_thread.run_sync(func)
/root/.pyenv/versions/3.10.19/lib/python3.10/site-packages/anyio/to_thread.py:63: in run_sync
    return await get_async_backend().run_sync_in_worker_thread(
/root/.pyenv/versions/3.10.19/lib/python3.10/site-packages/anyio/_backends/_asyncio.py:2502: in run_sync_in_worker_thread
    return await future
/root/.pyenv/versions/3.10.19/lib/python3.10/site-packages/anyio/_backends/_asyncio.py:986: in run
    result = context.run(func, *args)
services/api_fastapi/api_fastapi/routers/ml.py:338: in diagnostics
    empty_metrics = run_diagnostics(pd.DataFrame())
packages/core/core/ml/diagnostics.py:110: in run_diagnostics
    ic = rank_ic(df)
packages/core/core/ml/diagnostics.py:11: in rank_ic
    for d, g in df.groupby("as_of_date"):
/root/.pyenv/versions/3.10.19/lib/python3.10/site-packages/pandas/core/frame.py:9210: in groupby
    return DataFrameGroupBy(
/root/.pyenv/versions/3.10.19/lib/python3.10/site-packages/pandas/core/groupby/groupby.py:1331: in __init__
    grouper, exclusions, obj = get_grouper(
_ _ _ _ _ _ _ _ _ _ _ _ _ _ _ _ _ _ _ _ _ _ _ _ _ _ _ _ _ _ _ _ _ _ _ _ _ _ _ _ 

obj = Empty DataFrame
Columns: []
Index: [], key = 'as_of_date', axis = 0
level = None, sort = True, observed = False, validate = True, dropna = True

    def get_grouper(
        obj: NDFrameT,
        key=None,
        axis: Axis = 0,
        level=None,
        sort: bool = True,
        observed: bool = False,
        validate: bool = True,
        dropna: bool = True,
    ) -> tuple[ops.BaseGrouper, frozenset[Hashable], NDFrameT]:
        """
        Create and return a BaseGrouper, which is an internal
        mapping of how to create the grouper indexers.
        This may be composed of multiple Grouping objects, indicating
        multiple groupers
    
        Groupers are ultimately index mappings. They can originate as:
        index mappings, keys to columns, functions, or Groupers
    
        Groupers enable local references to axis,level,sort, while
        the passed in axis, level, and sort are 'global'.
    
        This routine tries to figure out what the passing in references
        are and then creates a Grouping for each one, combined into
        a BaseGrouper.
    
        If observed & we have a categorical grouper, only show the observed
        values.
    
        If validate, then check for key/level overlaps.
    
        """
        group_axis = obj._get_axis(axis)
    
        # validate that the passed single level is compatible with the passed
        # axis of the object
        if level is not None:
            # TODO: These if-block and else-block are almost same.
            # MultiIndex instance check is removable, but it seems that there are
            # some processes only for non-MultiIndex in else-block,
            # eg. `obj.index.name != level`. We have to consider carefully whether
            # these are applicable for MultiIndex. Even if these are applicable,
            # we need to check if it makes no side effect to subsequent processes
            # on the outside of this condition.
            # (GH 17621)
            if isinstance(group_axis, MultiIndex):
                if is_list_like(level) and len(level) == 1:
                    level = level[0]
    
                if key is None and is_scalar(level):
                    # Get the level values from group_axis
                    key = group_axis.get_level_values(level)
                    level = None
    
            else:
                # allow level to be a length-one list-like object
                # (e.g., level=[0])
                # GH 13901
                if is_list_like(level):
                    nlevels = len(level)
                    if nlevels == 1:
                        level = level[0]
                    elif nlevels == 0:
                        raise ValueError("No group keys passed!")
                    else:
                        raise ValueError("multiple levels only valid with MultiIndex")
    
                if isinstance(level, str):
                    if obj._get_axis(axis).name != level:
                        raise ValueError(
                            f"level name {level} is not the name "
                            f"of the {obj._get_axis_name(axis)}"
                        )
                elif level > 0 or level < -1:
                    raise ValueError("level > 0 or level < -1 only valid with MultiIndex")
    
                # NOTE: `group_axis` and `group_axis.get_level_values(level)`
                # are same in this section.
                level = None
                key = group_axis
    
        # a passed-in Grouper, directly convert
        if isinstance(key, Grouper):
            grouper, obj = key._get_grouper(obj, validate=False)
            if key.key is None:
                return grouper, frozenset(), obj
            else:
                return grouper, frozenset({key.key}), obj
    
        # already have a BaseGrouper, just return it
        elif isinstance(key, ops.BaseGrouper):
            return key, frozenset(), obj
    
        if not isinstance(key, list):
            keys = [key]
            match_axis_length = False
        else:
            keys = key
            match_axis_length = len(keys) == len(group_axis)
    
        # what are we after, exactly?
        any_callable = any(callable(g) or isinstance(g, dict) for g in keys)
        any_groupers = any(isinstance(g, (Grouper, Grouping)) for g in keys)
        any_arraylike = any(
            isinstance(g, (list, tuple, Series, Index, np.ndarray)) for g in keys
        )
    
        # is this an index replacement?
        if (
            not any_callable
            and not any_arraylike
            and not any_groupers
            and match_axis_length
            and level is None
        ):
            if isinstance(obj, DataFrame):
                all_in_columns_index = all(
                    g in obj.columns or g in obj.index.names for g in keys
                )
            else:
                assert isinstance(obj, Series)
                all_in_columns_index = all(g in obj.index.names for g in keys)
    
            if not all_in_columns_index:
                keys = [com.asarray_tuplesafe(keys)]
    
        if isinstance(level, (tuple, list)):
            if key is None:
                keys = [None] * len(level)
            levels = level
        else:
            levels = [level] * len(keys)
    
        groupings: list[Grouping] = []
        exclusions: set[Hashable] = set()
    
        # if the actual grouper should be obj[key]
        def is_in_axis(key) -> bool:
            if not _is_label_like(key):
                if obj.ndim == 1:
                    return False
    
                # items -> .columns for DataFrame, .index for Series
                items = obj.axes[-1]
                try:
                    items.get_loc(key)
                except (KeyError, TypeError, InvalidIndexError):
                    # TypeError shows up here if we pass e.g. an Index
                    return False
    
            return True
    
        # if the grouper is obj[name]
        def is_in_obj(gpr) -> bool:
            if not hasattr(gpr, "name"):
                return False
            if using_copy_on_write() or warn_copy_on_write():
                # For the CoW case, we check the references to determine if the
                # series is part of the object
                try:
                    obj_gpr_column = obj[gpr.name]
                except (KeyError, IndexError, InvalidIndexError, OutOfBoundsDatetime):
                    return False
                if isinstance(gpr, Series) and isinstance(obj_gpr_column, Series):
                    return gpr._mgr.references_same_values(  # type: ignore[union-attr]
                        obj_gpr_column._mgr, 0  # type: ignore[arg-type]
                    )
                return False
            try:
                return gpr is obj[gpr.name]
            except (KeyError, IndexError, InvalidIndexError, OutOfBoundsDatetime):
                # IndexError reached in e.g. test_skip_group_keys when we pass
                #  lambda here
                # InvalidIndexError raised on key-types inappropriate for index,
                #  e.g. DatetimeIndex.get_loc(tuple())
                # OutOfBoundsDatetime raised when obj is a Series with DatetimeIndex
                # and gpr.name is month str
                return False
    
        for gpr, level in zip(keys, levels):
            if isinstance(obj, DataFrame) and is_in_obj(gpr):  # df.groupby(df['name'])
                in_axis = True
                exclusions.add(gpr.name)
    
            elif is_in_axis(gpr):  # df.groupby('name')
                if obj.ndim != 1 and gpr in obj:
                    if validate:
                        obj._check_label_or_level_ambiguity(gpr, axis=axis)
                    in_axis, name, gpr = True, gpr, obj[gpr]
                    if gpr.ndim != 1:
                        # non-unique columns; raise here to get the name in the
                        # exception message
                        raise ValueError(f"Grouper for '{name}' not 1-dimensional")
                    exclusions.add(name)
                elif obj._is_level_reference(gpr, axis=axis):
                    in_axis, level, gpr = False, gpr, None
                else:
>                   raise KeyError(gpr)
E                   KeyError: 'as_of_date'

/root/.pyenv/versions/3.10.19/lib/python3.10/site-packages/pandas/core/groupby/grouper.py:1043: KeyError
----------------------------- Captured stderr call -----------------------------
{"ts": 1771412435734, "level": "INFO", "logger": "api_fastapi.main", "message": "api_initialized", "module": "main"}
{"ts": 1771412435751, "level": "WARNING", "logger": "core.settings", "message": "DEV_MODE=true and SSI credentials are missing; SSI live provider will be disabled. Missing: SSI_CONSUMER_ID, SSI_CONSUMER_SECRET, SSI_PRIVATE_KEY_PATH", "module": "settings", "request_id": "7adbbc52-bab3-485e-a79c-df3b2910fa7a"}
{"ts": 1771412439775, "level": "INFO", "logger": "httpx", "message": "HTTP Request: POST http://testserver/ml/train \"HTTP/1.1 200 OK\"", "module": "_client"}
{"ts": 1771412439786, "level": "WARNING", "logger": "core.settings", "message": "DEV_MODE=true and SSI credentials are missing; SSI live provider will be disabled. Missing: SSI_CONSUMER_ID, SSI_CONSUMER_SECRET, SSI_PRIVATE_KEY_PATH", "module": "settings", "request_id": "2a5b55c8-3f77-493c-b03b-c5662ed88b9a"}
------------------------------ Captured log call -------------------------------
INFO     api_fastapi.main:main.py:100 api_initialized
WARNING  core.settings:settings.py:87 DEV_MODE=true and SSI credentials are missing; SSI live provider will be disabled. Missing: SSI_CONSUMER_ID, SSI_CONSUMER_SECRET, SSI_PRIVATE_KEY_PATH
INFO     httpx:_client.py:1025 HTTP Request: POST http://testserver/ml/train "HTTP/1.1 200 OK"
WARNING  core.settings:settings.py:87 DEV_MODE=true and SSI credentials are missing; SSI live provider will be disabled. Missing: SSI_CONSUMER_ID, SSI_CONSUMER_SECRET, SSI_PRIVATE_KEY_PATH
=========================== short test summary info ============================
FAILED tests/test_alpha_v2_smoke_walkforward.py::test_alpha_v2_smoke_walkforward
1 failed, 2 passed in 15.61s
