python -m ruff check scripts/ui_guardrail_check.py scripts/dev_reset_db.py scripts/dev_seed_minimal.py scripts/verify_program.py scripts/replay_events.py packages/data/contracts packages/core/observability tools/realtime_harness tests/test_contract_hash_stability.py tests/test_schema_registry_versioning.py tests/test_bronze_to_silver_deterministic.py tests/test_silver_validations_reject_invalid.py tests/test_lineage_preserved.py tests/test_schema_monitor_detects_key_change.py tests/test_ci_forbidden_strings_guardrail.py tests/test_make_targets_exist.py tests/test_rt_harness.py tests/test_gateway_event_id_deterministic.py tests/test_gateway_dedup_skips_duplicates.py tests/test_event_log_rotation_checksum_verify.py tests/test_replay_publishes_ordered.py tests/test_bar_alignment_lunch_split.py tests/test_bar_hash_deterministic.py tests/test_late_event_correction_policy.py tests/test_redis_hot_cache_rolls_last_200.py tests/test_incremental_matches_batch.py tests/test_trend_definition_exact.py tests/test_intraday_cooldown_26_bars.py tests/test_alert_dsl_eval_on_bar_close.py tests/test_signal_idempotent.py
warning: The top-level linter settings are deprecated in favour of their counterparts in the `lint` section. Please update the following options in `pyproject.toml`:
  - 'ignore' -> 'lint.ignore'
  - 'select' -> 'lint.select'
All checks passed!
python -m black --check scripts/ui_guardrail_check.py scripts/dev_reset_db.py scripts/dev_seed_minimal.py scripts/verify_program.py scripts/replay_events.py packages/data/contracts packages/core/observability tools/realtime_harness tests/test_contract_hash_stability.py tests/test_schema_registry_versioning.py tests/test_bronze_to_silver_deterministic.py tests/test_silver_validations_reject_invalid.py tests/test_lineage_preserved.py tests/test_schema_monitor_detects_key_change.py tests/test_ci_forbidden_strings_guardrail.py tests/test_make_targets_exist.py tests/test_rt_harness.py tests/test_gateway_event_id_deterministic.py tests/test_gateway_dedup_skips_duplicates.py tests/test_event_log_rotation_checksum_verify.py tests/test_replay_publishes_ordered.py tests/test_bar_alignment_lunch_split.py tests/test_bar_hash_deterministic.py tests/test_late_event_correction_policy.py tests/test_redis_hot_cache_rolls_last_200.py tests/test_incremental_matches_batch.py tests/test_trend_definition_exact.py tests/test_intraday_cooldown_26_bars.py tests/test_alert_dsl_eval_on_bar_close.py tests/test_signal_idempotent.py
All done! ‚ú® üç∞ ‚ú®
43 files would be left unchanged.
PYTHONPATH=packages/core:packages/data:packages:services/api_fastapi:services/worker_scheduler:services/stream_ingestor:apps python -m mypy scripts/ui_guardrail_check.py scripts/dev_reset_db.py scripts/dev_seed_minimal.py scripts/verify_program.py scripts/replay_events.py packages/data/contracts packages/core/observability tools/realtime_harness
tools/realtime_harness/chaos_controller.py: error: Source file found twice under different module names: "realtime_harness.chaos_controller" and "tools.realtime_harness.chaos_controller"
Found 1 error in 1 file (errors prevented further checking)
make: *** [Makefile:56: quality-gate] Error 2
